<?xml version="1.0" encoding="UTF-8"?>
<!-- Generated by org.testng.reporters.JUnitReportReporter -->
<testsuite hostname="ShwetaHome" failures="0" tests="1" name="com.firebase.test.tests.AutomationTest" time="19.273" errors="0" timestamp="2022-10-02T13:50:39 PDT" skipped="0">
  <testcase classname="com.firebase.test.tests.AutomationTest" name="checkSaveAndNewTC32" time="19.273"/>
  <system-out/>
</testsuite> <!-- com.firebase.test.tests.AutomationTest -->
