<?xml version="1.0" encoding="UTF-8"?>
<!-- Generated by org.testng.reporters.JUnitReportReporter -->
<testsuite hostname="ShwetaHome" failures="0" tests="1" name="com.firebase.test.tests.AutomationTest" time="23.779" errors="0" timestamp="2022-10-02T18:25:14 PDT" skipped="0">
  <testcase classname="com.firebase.test.tests.AutomationTest" name="tabCustomizationTC35" time="23.779"/>
  <system-out/>
</testsuite> <!-- com.firebase.test.tests.AutomationTest -->
