<?xml version="1.0" encoding="UTF-8"?>
<!-- Generated by org.testng.reporters.JUnitReportReporter -->
<testsuite hostname="ShwetaHome" failures="0" tests="1" name="com.firebase.test.tests.AutomationTest" time="19.134" errors="0" timestamp="2022-10-02T13:17:48 PDT" skipped="0">
  <testcase classname="com.firebase.test.tests.AutomationTest" name="viewContactTC29" time="19.134"/>
  <system-out/>
</testsuite> <!-- com.firebase.test.tests.AutomationTest -->
