<?xml version="1.0" encoding="UTF-8"?>
<!-- Generated by org.testng.reporters.JUnitReportReporter -->
<testsuite hostname="ShwetaHome" failures="0" tests="1" name="com.firebase.test.tests.AutomationTest" time="26.393" errors="0" timestamp="2022-10-02T20:19:28 PDT" skipped="0">
  <testcase classname="com.firebase.test.tests.AutomationTest" name="blockEventTC36" time="26.393"/>
  <system-out/>
</testsuite> <!-- com.firebase.test.tests.AutomationTest -->
