<?xml version="1.0" encoding="UTF-8"?>
<!-- Generated by org.testng.reporters.JUnitReportReporter -->
<testsuite hostname="ShwetaHome" failures="0" tests="1" name="com.firebase.test.tests.logTest" time="0.018" errors="0" timestamp="2022-10-01T00:22:04 PDT" skipped="0">
  <testcase classname="com.firebase.test.tests.logTest" name="performanceTask" time="0.018"/>
  <system-out/>
</testsuite> <!-- com.firebase.test.tests.logTest -->
