<?xml version="1.0" encoding="UTF-8"?>
<!-- Generated by org.testng.reporters.JUnitReportReporter -->
<testsuite hostname="ShwetaHome" failures="0" tests="1" name="com.firebase.test.tests.logTest" time="0.032" errors="0" timestamp="2022-09-27T22:50:15 PDT" skipped="0">
  <testcase classname="com.firebase.test.tests.logTest" name="performanceTask2" time="0.032"/>
  <system-out/>
</testsuite> <!-- com.firebase.test.tests.logTest -->
