<?xml version="1.0" encoding="UTF-8"?>
<!-- Generated by org.testng.reporters.JUnitReportReporter -->
<testsuite hostname="ShwetaHome" failures="0" tests="1" name="com.firebase.test.tests.AutoScript" time="0.015" errors="0" timestamp="2022-09-21T22:07:37 PDT" skipped="0">
  <testcase classname="com.firebase.test.tests.AutoScript" name="check" time="0.015"/>
  <system-out/>
</testsuite> <!-- com.firebase.test.tests.AutoScript -->
